=== Run information ===

Scheme:       weka.classifiers.functions.MultilayerPerceptron -L 0.3 -M 0.2 -N 500 -V 0 -S 0 -E 20 -H 2
Relation:     structure
Instances:    355
Attributes:   14
              I1
              I2
              I3
              I4
              I5
              I6
              I7
              I8
              I9
              I10
              I11
              I12
              I13
              struct
Test mode:    10-fold cross-validation

=== Classifier model (full training set) ===

Sigmoid Node 0
    Inputs    Weights
    Threshold    -5.1830757645627195
    Node 8    8.060495918559049
    Node 9    3.2523794754357276
Sigmoid Node 1
    Inputs    Weights
    Threshold    -5.454410264619936
    Node 8    -1.821664883548393
    Node 9    -2.187924986719169
Sigmoid Node 2
    Inputs    Weights
    Threshold    -0.666053807512381
    Node 8    -4.852223166754673
    Node 9    -6.663799294016982
Sigmoid Node 3
    Inputs    Weights
    Threshold    -1.99910825633648
    Node 8    -1.5489286687026802
    Node 9    0.2569282456057613
Sigmoid Node 4
    Inputs    Weights
    Threshold    -5.455145100658286
    Node 8    -1.8074735016930372
    Node 9    -2.136153417147336
Sigmoid Node 5
    Inputs    Weights
    Threshold    -0.8883682583237344
    Node 8    -7.9717160760015044
    Node 9    -0.5826118357134258
Sigmoid Node 6
    Inputs    Weights
    Threshold    -5.455510943751251
    Node 8    -1.7897094909756484
    Node 9    -2.183784060769063
Sigmoid Node 7
    Inputs    Weights
    Threshold    -1.1456403025201003
    Node 8    -2.060185866688538
    Node 9    3.723750856699501
Sigmoid Node 8
    Inputs    Weights
    Threshold    0.05461531986706765
    Attrib I1=A    -1.220610503675975
    Attrib I1=R    6.146080808402567
    Attrib I1=D    1.801394959878905
    Attrib I1=N    -1.1482976650993346
    Attrib I1=C    0.0150265003922317
    Attrib I1=E    -0.13885952441390773
    Attrib I1=O    0.024514716787820107
    Attrib I1=G    -0.9832607629010486
    Attrib I1=H    0.8306790098419475
    Attrib I1=I    -1.2768421867983504
    Attrib I1=L    -5.039794145268979
    Attrib I1=K    -2.279938919701553
    Attrib I1=M    3.060583598693962
    Attrib I1=F    -4.958191929837775
    Attrib I1=P    -0.7010091953101286
    Attrib I1=Q    2.2685545454880662
    Attrib I1=S    -3.715779320202811
    Attrib I1=T    1.507481359970878
    Attrib I1=W    3.2307342420819065
    Attrib I1=Y    0.547976588537933
    Attrib I1=V    1.4642980288812137
    Attrib I2=A    -3.1815236954497323
    Attrib I2=R    4.345709426820442
    Attrib I2=D    2.3823630839895493
    Attrib I2=N    -1.0987514229395126
    Attrib I2=C    -1.4705870871166327
    Attrib I2=E    -0.6522550246678335
    Attrib I2=O    -0.04675645494903072
    Attrib I2=G    -1.2497555531472209
    Attrib I2=H    1.8668677339401527
    Attrib I2=I    0.3723950867437162
    Attrib I2=L    -1.1601759758804442
    Attrib I2=K    -0.0169696341785829
    Attrib I2=M    0.9467179027947108
    Attrib I2=F    -3.9045561656478474
    Attrib I2=P    -3.5725845517463624
    Attrib I2=Q    2.5700932502420337
    Attrib I2=S    -4.399559607333115
    Attrib I2=T    1.4871284644812255
    Attrib I2=W    2.666427426326863
    Attrib I2=Y    1.9018022833993393
    Attrib I2=V    1.6046698578804635
    Attrib I3=A    -3.157042341133704
    Attrib I3=R    4.71398510424715
    Attrib I3=D    3.7932356751159584
    Attrib I3=N    -1.5482019304277785
    Attrib I3=C    -1.6949721932935478
    Attrib I3=E    4.580280117698413
    Attrib I3=O    -0.023865716670412585
    Attrib I3=G    -0.8052474042038638
    Attrib I3=H    1.3707120693743033
    Attrib I3=I    1.1140547036616042
    Attrib I3=L    -1.0767822472801336
    Attrib I3=K    -3.5417379667942868
    Attrib I3=M    -3.6213561000933243
    Attrib I3=F    -1.2176435149419138
    Attrib I3=P    -2.6998088012036088
    Attrib I3=Q    1.5401266719969606
    Attrib I3=S    -2.262434625662476
    Attrib I3=T    -0.8993961939961438
    Attrib I3=W    2.8396164071571697
    Attrib I3=Y    1.6684516097450104
    Attrib I3=V    0.40985801930012944
    Attrib I4=A    -4.2214695805804014
    Attrib I4=R    3.388053726189479
    Attrib I4=D    0.8289617217247275
    Attrib I4=N    -1.9559224385070848
    Attrib I4=C    -0.8960792243319677
    Attrib I4=E    1.044925606712598
    Attrib I4=O    0.0375131310586691
    Attrib I4=G    -1.0784560921792337
    Attrib I4=H    0.2509661490109694
    Attrib I4=I    2.4979236994476097
    Attrib I4=L    -1.9030713253165001
    Attrib I4=K    -0.5407067413056107
    Attrib I4=M    -1.5579832978624257
    Attrib I4=F    0.8217207687396325
    Attrib I4=P    -3.273149205142492
    Attrib I4=Q    0.5397672987487377
    Attrib I4=S    -1.6322908727752035
    Attrib I4=T    -0.6302711759838767
    Attrib I4=W    2.8691672986203707
    Attrib I4=Y    0.24183097972892958
    Attrib I4=V    4.638223355053894
    Attrib I5=A    -2.6299626392327213
    Attrib I5=R    2.92456454419914
    Attrib I5=D    2.7054044075433006
    Attrib I5=N    3.6209613625687127
    Attrib I5=C    -0.7388205380278654
    Attrib I5=E    2.3865091812514585
    Attrib I5=O    -0.03230089670531895
    Attrib I5=G    -4.891309810067964
    Attrib I5=H    1.3769114520005339
    Attrib I5=I    1.7737544209824831
    Attrib I5=L    -1.432838533553141
    Attrib I5=K    0.6909038195411485
    Attrib I5=M    -0.761549443769322
    Attrib I5=F    -2.1615643769811608
    Attrib I5=P    -6.7014535481909485
    Attrib I5=Q    2.2926808232000075
    Attrib I5=S    -5.12209470579434
    Attrib I5=T    -0.27320518627207224
    Attrib I5=W    2.690683682822197
    Attrib I5=Y    2.526423733654255
    Attrib I5=V    1.252869228286627
    Attrib I6=A    -0.8665671480182439
    Attrib I6=R    -0.46213598780059306
    Attrib I6=D    0.4178080870439356
    Attrib I6=N    -2.1002769123165344
    Attrib I6=C    1.0927052034032676
    Attrib I6=E    4.747202011051742
    Attrib I6=O    -0.005717517701489795
    Attrib I6=G    -2.514032039133399
    Attrib I6=H    2.7180936755334337
    Attrib I6=I    0.5007721984887462
    Attrib I6=L    -2.966313769510176
    Attrib I6=K    2.2237701966396792
    Attrib I6=M    0.49053912105790115
    Attrib I6=F    0.6454554743107346
    Attrib I6=P    -8.241037210247661
    Attrib I6=Q    1.0584143877259642
    Attrib I6=S    -0.5904330041787503
    Attrib I6=T    1.2630252160218545
    Attrib I6=W    3.6815385380417047
    Attrib I6=Y    0.462334505199831
    Attrib I6=V    -2.0867398106098243
    Attrib I7=A    1.532830138390114
    Attrib I7=R    2.6228478958974257
    Attrib I7=D    -0.5032747967363544
    Attrib I7=N    -1.9064614032176992
    Attrib I7=C    -2.141676222489597
    Attrib I7=E    5.436964415882773
    Attrib I7=O    -0.006488885091329832
    Attrib I7=G    -3.128094253612387
    Attrib I7=H    1.3538407469622264
    Attrib I7=I    -0.5366837057660658
    Attrib I7=L    -0.6708208509119489
    Attrib I7=K    3.50505220877798
    Attrib I7=M    3.1128398525950045
    Attrib I7=F    4.446067975679155
    Attrib I7=P    -8.68364799132891
    Attrib I7=Q    -1.1039603054934606
    Attrib I7=S    0.35428997597586875
    Attrib I7=T    -1.4320810590148396
    Attrib I7=W    1.004584960173668
    Attrib I7=Y    -2.536478785727705
    Attrib I7=V    -1.440318245129144
    Attrib I8=A    -0.45296243471098024
    Attrib I8=R    4.311939335675853
    Attrib I8=D    -0.2789486427591704
    Attrib I8=N    4.368745662142537
    Attrib I8=C    2.431200389609332
    Attrib I8=E    3.931737658989177
    Attrib I8=O    -0.00392625963417309
    Attrib I8=G    -3.6580227742513736
    Attrib I8=H    1.926146626013681
    Attrib I8=I    -3.5311272949662795
    Attrib I8=L    -0.052414901770613795
    Attrib I8=K    0.610982429113183
    Attrib I8=M    1.6340673338721716
    Attrib I8=F    0.18358447019950735
    Attrib I8=P    -9.139899971535565
    Attrib I8=Q    0.2513420988731881
    Attrib I8=S    -0.5680435361730894
    Attrib I8=T    -0.06798372377609917
    Attrib I8=W    -0.6270352786282296
    Attrib I8=Y    -1.3120651713197726
    Attrib I8=V    -0.3968590372975119
    Attrib I9=A    -1.075368360941791
    Attrib I9=R    4.4682251515960765
    Attrib I9=D    0.2427794759297153
    Attrib I9=N    3.185299277885487
    Attrib I9=C    3.479310435161662
    Attrib I9=E    2.8623863518085666
    Attrib I9=O    0.03316112828854176
    Attrib I9=G    -4.6028709506319405
    Attrib I9=H    -4.6530356277613185
    Attrib I9=I    -1.126327385798397
    Attrib I9=L    0.8742704781259801
    Attrib I9=K    0.43101695728884776
    Attrib I9=M    2.113630518946699
    Attrib I9=F    0.5019531060627122
    Attrib I9=P    -5.492680272722157
    Attrib I9=Q    1.6561107808391513
    Attrib I9=S    -1.289081009788565
    Attrib I9=T    -0.8089908835708677
    Attrib I9=W    -1.3603565761652825
    Attrib I9=Y    1.6936523297299213
    Attrib I9=V    -1.6704901897990685
    Attrib I10=A    -3.206903743262007
    Attrib I10=R    5.9284494754229975
    Attrib I10=D    -6.511465450153509
    Attrib I10=N    -1.5794900279286996
    Attrib I10=C    3.852352260833779
    Attrib I10=E    0.20135550846586284
    Attrib I10=O    0.015220020007687463
    Attrib I10=G    -3.771650827944995
    Attrib I10=H    -2.606449151420361
    Attrib I10=I    0.32590946979646723
    Attrib I10=L    -0.011061522076836382
    Attrib I10=K    2.0801913033079895
    Attrib I10=M    4.721481119683187
    Attrib I10=F    -0.8457961670448559
    Attrib I10=P    -5.2061963425365105
    Attrib I10=Q    0.8579277402616486
    Attrib I10=S    2.7764023548582006
    Attrib I10=T    3.1315739252636106
    Attrib I10=W    -1.028043212099888
    Attrib I10=Y    2.6946411004043567
    Attrib I10=V    -2.435724342692829
    Attrib I11=A    -1.3618006866784491
    Attrib I11=R    0.193035378861386
    Attrib I11=D    -2.4128793007079445
    Attrib I11=N    1.8528612474953097
    Attrib I11=C    2.3699288062349377
    Attrib I11=E    -2.835506895632387
    Attrib I11=O    -0.0179231978842515
    Attrib I11=G    -1.8089726806311601
    Attrib I11=H    -1.942278236283161
    Attrib I11=I    0.7947974208401847
    Attrib I11=L    -1.1970780861069932
    Attrib I11=K    -0.09955039551615011
    Attrib I11=M    3.0463236249647805
    Attrib I11=F    2.7928348578268722
    Attrib I11=P    -4.988875714637915
    Attrib I11=Q    2.1600946253449473
    Attrib I11=S    6.139189541307122
    Attrib I11=T    2.4507337364529627
    Attrib I11=W    -0.8371264938537761
    Attrib I11=Y    -2.38101476625869
    Attrib I11=V    -2.497049412835865
    Attrib I12=A    0.9900892443211239
    Attrib I12=R    2.497214150217138
    Attrib I12=D    -1.5138728571349318
    Attrib I12=N    0.560635939403616
    Attrib I12=C    0.8620018941730779
    Attrib I12=E    -5.517677451014291
    Attrib I12=O    -0.013304696633926208
    Attrib I12=G    -2.1506556710997033
    Attrib I12=H    -2.050312044685533
    Attrib I12=I    0.5411483406571796
    Attrib I12=L    -2.6243437899230355
    Attrib I12=K    1.2679272883454384
    Attrib I12=M    2.062866123371578
    Attrib I12=F    4.450394799021069
    Attrib I12=P    -2.395788843492487
    Attrib I12=Q    0.6303079995396422
    Attrib I12=S    6.1499589054144925
    Attrib I12=T    0.9377540162770152
    Attrib I12=W    -1.384070054861218
    Attrib I12=Y    -2.2510688688270974
    Attrib I12=V    -1.6554088402505849
    Attrib I13=A    -1.3457505128063785
    Attrib I13=R    3.736218876193146
    Attrib I13=D    -2.8047969759833427
    Attrib I13=N    -0.7034612720786078
    Attrib I13=C    0.8138691807436359
    Attrib I13=E    -4.221536759048117
    Attrib I13=O    -0.02884390897573923
    Attrib I13=G    -0.4883746664698088
    Attrib I13=H    -2.287599830112364
    Attrib I13=I    1.6522122452514256
    Attrib I13=L    0.19128588303096442
    Attrib I13=K    1.2322703805196447
    Attrib I13=M    2.918326581704678
    Attrib I13=F    2.5963731787980042
    Attrib I13=P    -1.7523224093370504
    Attrib I13=Q    0.8766205489241372
    Attrib I13=S    5.367297763166229
    Attrib I13=T    0.8412350009176485
    Attrib I13=W    -2.625075310527079
    Attrib I13=Y    -0.6154908821581525
    Attrib I13=V    -3.9578377583728273
Sigmoid Node 9
    Inputs    Weights
    Threshold    -0.1302333748799775
    Attrib I1=A    0.20799056898891202
    Attrib I1=R    2.224372766288046
    Attrib I1=D    -2.0553634650474892
    Attrib I1=N    -1.4633846758711022
    Attrib I1=C    -0.044242403707331214
    Attrib I1=E    -0.7822849873848104
    Attrib I1=O    -0.02938360866672899
    Attrib I1=G    -1.0707895668169556
    Attrib I1=H    -0.5251262613975989
    Attrib I1=I    2.7272589811222834
    Attrib I1=L    1.7338770780714166
    Attrib I1=K    1.1224918182544312
    Attrib I1=M    1.3456573024045435
    Attrib I1=F    -1.18630765474506
    Attrib I1=P    0.33399922759766004
    Attrib I1=Q    1.3743082225714716
    Attrib I1=S    -2.3862608613601837
    Attrib I1=T    -1.7588094068012032
    Attrib I1=W    0.5065034706016545
    Attrib I1=Y    1.8463688658361115
    Attrib I1=V    -0.13603331209174677
    Attrib I2=A    1.0698608829059613
    Attrib I2=R    1.6596862637218708
    Attrib I2=D    -3.2582624844903174
    Attrib I2=N    -1.1105920769326911
    Attrib I2=C    1.2160782120644436
    Attrib I2=E    2.4975973706242063
    Attrib I2=O    -0.02399651693357723
    Attrib I2=G    -1.6427729969855753
    Attrib I2=H    -0.9965537400996152
    Attrib I2=I    1.8200726105260088
    Attrib I2=L    -0.5911477582273457
    Attrib I2=K    1.16523772350908
    Attrib I2=M    2.0894152104296015
    Attrib I2=F    -1.2547829475567074
    Attrib I2=P    -4.726246620014199
    Attrib I2=Q    0.6097135318351516
    Attrib I2=S    0.4110710813495233
    Attrib I2=T    -0.6634537563116379
    Attrib I2=W    0.42647974784687237
    Attrib I2=Y    3.529971071138924
    Attrib I2=V    -0.4785954668749585
    Attrib I3=A    -0.0036066699803136057
    Attrib I3=R    0.8717373771160911
    Attrib I3=D    -0.7696661645821576
    Attrib I3=N    -0.6005231668278099
    Attrib I3=C    0.5850005963036602
    Attrib I3=E    1.1778977066247918
    Attrib I3=O    0.03400210640907794
    Attrib I3=G    -0.3134932898927048
    Attrib I3=H    0.8239391088912419
    Attrib I3=I    1.5932801765426636
    Attrib I3=L    -1.022886569107934
    Attrib I3=K    0.3589947418202482
    Attrib I3=M    -0.11844880826910419
    Attrib I3=F    -0.9451606834244738
    Attrib I3=P    -2.838983278770973
    Attrib I3=Q    -0.23514290680035205
    Attrib I3=S    2.0267867009174814
    Attrib I3=T    -1.2092840681051307
    Attrib I3=W    0.4857887761388049
    Attrib I3=Y    1.9901945525025122
    Attrib I3=V    -0.07351083643010936
    Attrib I4=A    -1.1064149852342657
    Attrib I4=R    1.2633383675609011
    Attrib I4=D    -1.6024438171789765
    Attrib I4=N    0.11767552776496835
    Attrib I4=C    0.3024063743730305
    Attrib I4=E    1.819877815372044
    Attrib I4=O    0.01525403050590203
    Attrib I4=G    0.2926658116917307
    Attrib I4=H    -0.14948427657691685
    Attrib I4=I    -0.7896441228907646
    Attrib I4=L    -0.7891710610466027
    Attrib I4=K    -1.1947853279413436
    Attrib I4=M    0.2741246426996011
    Attrib I4=F    2.185386794606216
    Attrib I4=P    -0.732830389138973
    Attrib I4=Q    0.5631223087873577
    Attrib I4=S    -0.03174948369740571
    Attrib I4=T    1.5132636466345264
    Attrib I4=W    0.7890649547973505
    Attrib I4=Y    1.2236602767551439
    Attrib I4=V    -2.2060928757343605
    Attrib I5=A    -1.247699255844111
    Attrib I5=R    1.7060061049114918
    Attrib I5=D    0.9378129839765026
    Attrib I5=N    0.076138970116679
    Attrib I5=C    -0.10439818681643143
    Attrib I5=E    1.866485424228288
    Attrib I5=O    -0.00875218453257988
    Attrib I5=G    1.139722150332014
    Attrib I5=H    -0.7261435467714425
    Attrib I5=I    -0.6199897131651403
    Attrib I5=L    -1.16432016246224
    Attrib I5=K    0.6062674896153145
    Attrib I5=M    -0.08389323039001978
    Attrib I5=F    1.049997161038674
    Attrib I5=P    -1.7778358569247608
    Attrib I5=Q    1.273148383806307
    Attrib I5=S    -0.8817231132857148
    Attrib I5=T    1.4406328806888613
    Attrib I5=W    -0.6319525733191145
    Attrib I5=Y    2.0523667849065284
    Attrib I5=V    -2.9601759762739976
    Attrib I6=A    0.2729259051421071
    Attrib I6=R    0.3297241390889253
    Attrib I6=D    0.8438206899492812
    Attrib I6=N    -0.8067585066497963
    Attrib I6=C    -0.17021559154171467
    Attrib I6=E    2.357058472961385
    Attrib I6=O    0.024049499730135288
    Attrib I6=G    0.41662212230905776
    Attrib I6=H    0.26076533939583707
    Attrib I6=I    -2.1557898158472772
    Attrib I6=L    1.0137094313292516
    Attrib I6=K    2.0610374322408602
    Attrib I6=M    2.5213804667296196
    Attrib I6=F    0.2722824536303365
    Attrib I6=P    -1.860445545724412
    Attrib I6=Q    0.5140075049865609
    Attrib I6=S    1.057313966301366
    Attrib I6=T    -1.0222221080359097
    Attrib I6=W    -0.6981043187699972
    Attrib I6=Y    0.00499593767314059
    Attrib I6=V    -3.218440353352708
    Attrib I7=A    -0.44950727727280787
    Attrib I7=R    1.7950920899254703
    Attrib I7=D    1.4719395703480018
    Attrib I7=N    -1.0024007184962769
    Attrib I7=C    -0.31865828840142485
    Attrib I7=E    1.1866639439115878
    Attrib I7=O    -0.047241011815044504
    Attrib I7=G    1.7873143887113
    Attrib I7=H    -0.25935142185731863
    Attrib I7=I    -1.3376054411773801
    Attrib I7=L    -0.5955777609200696
    Attrib I7=K    1.3228255934902964
    Attrib I7=M    1.6240728845391113
    Attrib I7=F    -0.24607443764107298
    Attrib I7=P    0.24539878396533335
    Attrib I7=Q    0.9107210897249995
    Attrib I7=S    1.1356521654592129
    Attrib I7=T    -2.100487887405883
    Attrib I7=W    0.9019526906610494
    Attrib I7=Y    -1.2713879933570227
    Attrib I7=V    -2.830918560884377
    Attrib I8=A    0.018291161146281144
    Attrib I8=R    -0.037840028836226614
    Attrib I8=D    0.07665675329770814
    Attrib I8=N    -0.1836414747668896
    Attrib I8=C    0.2785932766243691
    Attrib I8=E    0.8442150226113838
    Attrib I8=O    0.007442748623851456
    Attrib I8=G    -0.5398501335324993
    Attrib I8=H    0.15650663111446508
    Attrib I8=I    -1.392648495030237
    Attrib I8=L    0.3669938156288531
    Attrib I8=K    -0.19760921833179304
    Attrib I8=M    1.4817737438374698
    Attrib I8=F    -0.18630258799926894
    Attrib I8=P    0.764852326165346
    Attrib I8=Q    0.3557682449520125
    Attrib I8=S    0.6349079499765402
    Attrib I8=T    -0.5461646668269947
    Attrib I8=W    0.729325440292066
    Attrib I8=Y    0.6170095446224444
    Attrib I8=V    -1.3808398452462267
    Attrib I9=A    -0.008321483705676322
    Attrib I9=R    0.7621473300129068
    Attrib I9=D    -0.7248069433674682
    Attrib I9=N    -0.34775193395498755
    Attrib I9=C    0.7016035355578111
    Attrib I9=E    1.1790123839879265
    Attrib I9=O    -0.027177905655377445
    Attrib I9=G    -0.8546085683905792
    Attrib I9=H    0.9306724454314198
    Attrib I9=I    0.02823678544531463
    Attrib I9=L    -1.228222258414821
    Attrib I9=K    0.07344117682059743
    Attrib I9=M    2.1842615516013004
    Attrib I9=F    -0.8242433588385323
    Attrib I9=P    -2.018940636649276
    Attrib I9=Q    -0.4294858491274293
    Attrib I9=S    -0.2943047227911721
    Attrib I9=T    1.319981946209943
    Attrib I9=W    0.7447131104849165
    Attrib I9=Y    -0.16609697906627766
    Attrib I9=V    0.7951331495705587
    Attrib I10=A    0.060397125880222426
    Attrib I10=R    1.8030236124367691
    Attrib I10=D    -2.023242757098782
    Attrib I10=N    0.14932992237246226
    Attrib I10=C    0.8459492080829634
    Attrib I10=E    0.2318266819396374
    Attrib I10=O    0.03762587144226595
    Attrib I10=G    -2.1856787620913325
    Attrib I10=H    -0.8506666112734828
    Attrib I10=I    1.0713777480610231
    Attrib I10=L    0.16179282479488183
    Attrib I10=K    2.1108540659976107
    Attrib I10=M    2.507057968223421
    Attrib I10=F    0.46588596064843973
    Attrib I10=P    -4.090116032043024
    Attrib I10=Q    -1.4861190223471294
    Attrib I10=S    0.6885077961985177
    Attrib I10=T    1.0629148273164029
    Attrib I10=W    1.0696432981594295
    Attrib I10=Y    0.9691946357600256
    Attrib I10=V    -0.6390659904051447
    Attrib I11=A    -0.2843425827842259
    Attrib I11=R    1.2665657393446266
    Attrib I11=D    -1.044342637245935
    Attrib I11=N    -1.3251375605729692
    Attrib I11=C    0.47064858458978154
    Attrib I11=E    -0.32200890431732315
    Attrib I11=O    -0.04631186749640759
    Attrib I11=G    -2.9472548270241448
    Attrib I11=H    -1.3056205858852985
    Attrib I11=I    0.65067116445484
    Attrib I11=L    -0.28073218831068353
    Attrib I11=K    2.578986506292815
    Attrib I11=M    2.112376899305311
    Attrib I11=F    0.857032409846388
    Attrib I11=P    -0.3499854391710795
    Attrib I11=Q    -0.6313617188806963
    Attrib I11=S    1.127217867215911
    Attrib I11=T    2.3716142799845183
    Attrib I11=W    0.3122628458181558
    Attrib I11=Y    -0.3752187011477398
    Attrib I11=V    -0.8568938083762485
    Attrib I12=A    -1.9415519368198655
    Attrib I12=R    0.32102167464910736
    Attrib I12=D    -1.0201656328181823
    Attrib I12=N    -0.3532850791120599
    Attrib I12=C    0.38640357021700966
    Attrib I12=E    -0.9299675682415861
    Attrib I12=O    -0.01066069380067601
    Attrib I12=G    -1.2378776755824215
    Attrib I12=H    0.4369773902073492
    Attrib I12=I    0.38522880396053805
    Attrib I12=L    0.3402340718323109
    Attrib I12=K    3.06383122743797
    Attrib I12=M    2.2093109074960093
    Attrib I12=F    0.04403241494323698
    Attrib I12=P    0.6223835891959971
    Attrib I12=Q    -1.1440788574526022
    Attrib I12=S    2.268403708126267
    Attrib I12=T    0.47773899146910126
    Attrib I12=W    0.05080509941954415
    Attrib I12=Y    -0.8489112447553546
    Attrib I12=V    -1.3061253989757404
    Attrib I13=A    -0.6950605124319591
    Attrib I13=R    0.31951300933297994
    Attrib I13=D    -1.1579068104436565
    Attrib I13=N    1.6006144285328756
    Attrib I13=C    0.36822410692853313
    Attrib I13=E    -0.11918394933206441
    Attrib I13=O    -0.03753018619785492
    Attrib I13=G    -1.8771880169622823
    Attrib I13=H    0.416441659155618
    Attrib I13=I    1.8812671364263889
    Attrib I13=L    0.282621359498778
    Attrib I13=K    0.31604748319581694
    Attrib I13=M    2.167462902942282
    Attrib I13=F    0.35218842893529695
    Attrib I13=P    -0.8467373482323375
    Attrib I13=Q    -0.46117580557467186
    Attrib I13=S    1.143402105330771
    Attrib I13=T    0.41020124679938846
    Attrib I13=W    -0.19610574971348807
    Attrib I13=Y    0.12170628479326197
    Attrib I13=V    -1.933671255471684
Class H
    Input
    Node 0
Class B
    Input
    Node 1
Class E
    Input
    Node 2
Class G
    Input
    Node 3
Class I
    Input
    Node 4
Class T
    Input
    Node 5
Class S
    Input
    Node 6
Class N
    Input
    Node 7


Time taken to build model: 34.53 seconds

=== Stratified cross-validation ===
=== Summary ===

Correctly Classified Instances         138               38.8732 %
Incorrectly Classified Instances       217               61.1268 %
Kappa statistic                          0.1321
Mean absolute error                      0.1633
Root mean squared error                  0.3443
Relative absolute error                 88.1741 %
Root relative squared error            113.3586 %
Total Number of Instances              355     

=== Detailed Accuracy By Class ===

               TP Rate   FP Rate   Precision   Recall  F-Measure   ROC Area  Class
                 0.644     0.426      0.514     0.644     0.571      0.633    H
                 0         0          0         0         0          ?        B
                 0.303     0.187      0.27      0.303     0.286      0.581    E
                 0         0          0         0         0          0.47     G
                 0         0          0         0         0          ?        I
                 0.196     0.094      0.282     0.196     0.232      0.656    T
                 0         0          0         0         0          ?        S
                 0.22      0.155      0.22      0.22      0.22       0.554    N
Weighted Avg.    0.389     0.25       0.343     0.389     0.361      0.601

=== Confusion Matrix ===

  a  b  c  d  e  f  g  h   <-- classified as
 94  0 24  0  0 13  0 15 |  a = H
  0  0  0  0  0  0  0  0 |  b = B
 27  0 20  0  0  6  0 13 |  c = E
 15  0  6  0  0  4  0  3 |  d = G
  0  0  0  0  0  0  0  0 |  e = I
 21  0  9  0  0 11  0 15 |  f = T
  0  0  0  0  0  0  0  0 |  g = S
 26  0 15  0  0  5  0 13 |  h = N

